Using pre-set license
Built from '2020.3/staging' branch; Version is '2020.3.3f1 (76626098c1c4) revision 7758432'; Using compiler version '192528614'; Build Type 'Release'
OS: 'Windows 10 Home; OS build 19043.1165; Version 2009; 64bit' Language: 'en' Physical Memory: 32612 MB
BatchMode: 1, IsHumanControllingUs: 0, StartBugReporterOnCrash: 0, Is64bit: 1, IsPro: 0

 COMMAND LINE ARGUMENTS:
E:\Unity\2020.3.3f1\Editor\Unity.exe
-adb2
-batchMode
-noUpm
-name
AssetImportWorker0
-projectPath
D:/Projects/JUL-FinalProject - Session 3
-logFile
Logs/AssetImportWorker0.log
-srvPort
58985
Successfully changed project path to: D:/Projects/JUL-FinalProject - Session 3
D:/Projects/JUL-FinalProject - Session 3
Using Asset Import Pipeline V2.
Refreshing native plugins compatible for Editor in 41.39 ms, found 3 plugins.
Preloading 1 native plugins for Editor in 1.21 ms.
Initialize engine version: 2020.3.3f1 (76626098c1c4)
[Subsystems] Discovering subsystems at path E:/Unity/2020.3.3f1/Editor/Data/Resources/UnitySubsystems
[Subsystems] Discovering subsystems at path D:/Projects/JUL-FinalProject - Session 3/Assets
GfxDevice: creating device client; threaded=0
Direct3D:
    Version:  Direct3D 11.0 [level 11.1]
    Renderer: NVIDIA GeForce RTX 2070 with Max-Q Design (ID=0x1f10)
    Vendor:   
    VRAM:     8031 MB
    Driver:   30.0.14.7168
Initialize mono
Mono path[0] = 'E:/Unity/2020.3.3f1/Editor/Data/Managed'
Mono path[1] = 'E:/Unity/2020.3.3f1/Editor/Data/MonoBleedingEdge/lib/mono/unityjit'
Mono config path = 'E:/Unity/2020.3.3f1/Editor/Data/MonoBleedingEdge/etc'
Using monoOptions --debugger-agent=transport=dt_socket,embedding=1,server=y,suspend=n,address=127.0.0.1:56588
Begin MonoManager ReloadAssembly
Registering precompiled unity dll's ...
Register platform support module: E:/Unity/2020.3.3f1/Editor/Data/PlaybackEngines/WebGLSupport/UnityEditor.WebGL.Extensions.dll
Register platform support module: E:/Unity/2020.3.3f1/Editor/Data/PlaybackEngines/WindowsStandaloneSupport/UnityEditor.WindowsStandalone.Extensions.dll
Registered in 0.012691 seconds.
Native extension for WindowsStandalone target not found
Native extension for WebGL target not found
Refreshing native plugins compatible for Editor in 52.63 ms, found 3 plugins.
Preloading 1 native plugins for Editor in 0.12 ms.
Invoked RoslynAnalysisRunner static constructor.
RoslynAnalysisRunner will not be running.
RoslynAnalysisRunner has terminated.
Mono: successfully reloaded assembly
- Completed reload, in  5.542 seconds
Platform modules already initialized, skipping
Registering precompiled user dll's ...
Registered in 0.003967 seconds.
Begin MonoManager ReloadAssembly
Native extension for WindowsStandalone target not found
Native extension for WebGL target not found
Refreshing native plugins compatible for Editor in 0.48 ms, found 3 plugins.
Preloading 1 native plugins for Editor in 0.11 ms.
Invoked RoslynAnalysisRunner static constructor.
RoslynAnalysisRunner will not be running.
RoslynAnalysisRunner has terminated.
NullReferenceException: Object reference not set to an instance of an object
  at Unity.XR.Oculus.OculusLoader.AssetPathToAbsolutePath (System.String assetPath) [0x0004c] in D:\Projects\JUL-FinalProject - Session 3\Library\PackageCache\com.unity.xr.oculus@1.8.1\Runtime\OculusLoader.cs:243 
  at Unity.XR.Oculus.OculusLoader.EditorLoadOVRPlugin () [0x000b0] in D:\Projects\JUL-FinalProject - Session 3\Library\PackageCache\com.unity.xr.oculus@1.8.1\Runtime\OculusLoader.cs:228 

(Filename: Library/PackageCache/com.unity.xr.oculus@1.8.1/Runtime/OculusLoader.cs Line: 243)

Mono: successfully reloaded assembly
- Completed reload, in  2.333 seconds
Platform modules already initialized, skipping
========================================================================
Worker process is ready to serve import requests
Launched and connected shader compiler UnityShaderCompiler.exe after 0.06 seconds
Refreshing native plugins compatible for Editor in 0.42 ms, found 3 plugins.
Preloading 1 native plugins for Editor in 0.08 ms.
Unloading 1275 Unused Serialized files (Serialized files now loaded: 0)
System memory in use before: 68.6 MB.
System memory in use after: 68.6 MB.

Unloading 13 unused Assets to reduce memory usage. Loaded Objects now: 1728.
Total: 2.947100 ms (FindLiveObjects: 0.358300 ms CreateObjectMapping: 0.110200 ms MarkObjects: 2.329200 ms  DeleteObjects: 0.147300 ms)

========================================================================
Received Import Request.
  path: Assets/Scripts/Game.cs
  artifactKey: Guid(6e603e413b7fb204aa955daa5fd4dc1d) Importer(815301076,1909f56bfc062723c751e8b465ee728b)
Start importing Assets/Scripts/Game.cs using Guid(6e603e413b7fb204aa955daa5fd4dc1d) Importer(815301076,1909f56bfc062723c751e8b465ee728b)  -> (artifact id: '9916cd63311073f9c20db101b4a22526') in 0.053107 seconds
  Import took 0.056800 seconds .

========================================================================
Received Import Request.
  Time since last request: 11734.519863 seconds.
  path: Assets/Prefabs/CockpitUI.prefab
  artifactKey: Guid(b9e367ee8c82fc54d85bd3e40dc19f63) Importer(815301076,1909f56bfc062723c751e8b465ee728b)
Start importing Assets/Prefabs/CockpitUI.prefab using Guid(b9e367ee8c82fc54d85bd3e40dc19f63) Importer(815301076,1909f56bfc062723c751e8b465ee728b)  -> (artifact id: '3ee676e78f3bce37fa495697eb0f9254') in 0.080919 seconds
  Import took 0.083873 seconds .

========================================================================
Received Import Request.
  Time since last request: 120.815817 seconds.
  path: Assets/Fonts/upheavtt.ttf
  artifactKey: Guid(9ca565b5cbf64f448ace35a7c2ff18c7) Importer(815301076,1909f56bfc062723c751e8b465ee728b)
Start importing Assets/Fonts/upheavtt.ttf using Guid(9ca565b5cbf64f448ace35a7c2ff18c7) Importer(815301076,1909f56bfc062723c751e8b465ee728b)  -> (artifact id: 'bd85f772e99347ed41605282b6f371d0') in 0.089655 seconds
  Import took 0.091553 seconds .

========================================================================
Received Import Request.
  Time since last request: 0.008778 seconds.
  path: Assets/Prefabs/WarpCoreStatusDisplay.prefab
  artifactKey: Guid(049c37edf08da1f409e28c217669bf5a) Importer(815301076,1909f56bfc062723c751e8b465ee728b)
Start importing Assets/Prefabs/WarpCoreStatusDisplay.prefab using Guid(049c37edf08da1f409e28c217669bf5a) Importer(815301076,1909f56bfc062723c751e8b465ee728b)  -> (artifact id: 'f1d24a9353e2139b825a41deb30ce291') in 0.012448 seconds
  Import took 0.014424 seconds .

========================================================================
Received Import Request.
  Time since last request: 0.004949 seconds.
  path: Assets/Scripts/Sounds.cs
  artifactKey: Guid(cd504d4f68240164fa9ac9540010c806) Importer(815301076,1909f56bfc062723c751e8b465ee728b)
Start importing Assets/Scripts/Sounds.cs using Guid(cd504d4f68240164fa9ac9540010c806) Importer(815301076,1909f56bfc062723c751e8b465ee728b)  -> (artifact id: '973d28cd0af1a79f69c74233337a65e0') in 0.004990 seconds
  Import took 0.006862 seconds .

========================================================================
Received Import Request.
  Time since last request: 0.005232 seconds.
  path: Assets/Fonts/upheavtt SDF.asset
  artifactKey: Guid(9c4df9c787b7ef94788daed2cf450b83) Importer(815301076,1909f56bfc062723c751e8b465ee728b)
Start importing Assets/Fonts/upheavtt SDF.asset using Guid(9c4df9c787b7ef94788daed2cf450b83) Importer(815301076,1909f56bfc062723c751e8b465ee728b)  -> (artifact id: '0ae0e1af203e3e43a2828e1991b1722c') in 0.022320 seconds
  Import took 0.025015 seconds .

========================================================================
Received Import Request.
  Time since last request: 0.007755 seconds.
  path: Assets/Scripts/Ship/HUD.cs
  artifactKey: Guid(b2367db2133673849ad1d4e571aa5e5e) Importer(815301076,1909f56bfc062723c751e8b465ee728b)
Start importing Assets/Scripts/Ship/HUD.cs using Guid(b2367db2133673849ad1d4e571aa5e5e) Importer(815301076,1909f56bfc062723c751e8b465ee728b)  -> (artifact id: '812f2ec3e9a17e304145dc7acd44917a') in 0.004062 seconds
  Import took 0.006203 seconds .

========================================================================
Received Import Request.
  Time since last request: 0.004913 seconds.
  path: Assets/Scripts/Ship/WarpCoreStatusDisplay.cs
  artifactKey: Guid(87e57cbc36674ae4faba9d6639ae061e) Importer(815301076,1909f56bfc062723c751e8b465ee728b)
Start importing Assets/Scripts/Ship/WarpCoreStatusDisplay.cs using Guid(87e57cbc36674ae4faba9d6639ae061e) Importer(815301076,1909f56bfc062723c751e8b465ee728b)  -> (artifact id: 'c8ca922f1442d2df7a9e34d4d8a9d050') in 0.001651 seconds
  Import took 0.003460 seconds .

========================================================================
Received Import Request.
  Time since last request: 3.548398 seconds.
  path: Assets/Prefabs/CockpitUI.prefab
  artifactKey: Guid(b9e367ee8c82fc54d85bd3e40dc19f63) Importer(815301076,1909f56bfc062723c751e8b465ee728b)
Start importing Assets/Prefabs/CockpitUI.prefab using Guid(b9e367ee8c82fc54d85bd3e40dc19f63) Importer(815301076,1909f56bfc062723c751e8b465ee728b)  -> (artifact id: 'c9afcc0fb685100b1dda6ad91e0969ce') in 0.010035 seconds
  Import took 0.012275 seconds .

========================================================================
Received Import Request.
  Time since last request: 22.310791 seconds.
  path: Assets/Prefabs/GreenPlanet Variant.prefab
  artifactKey: Guid(dd3329e21c739fc4c981b746fdd521a2) Importer(815301076,1909f56bfc062723c751e8b465ee728b)
Start importing Assets/Prefabs/GreenPlanet Variant.prefab using Guid(dd3329e21c739fc4c981b746fdd521a2) Importer(815301076,1909f56bfc062723c751e8b465ee728b)  -> (artifact id: '16bddeb0ab471deb03c2cb210d794f45') in 0.033100 seconds
  Import took 0.035474 seconds .

========================================================================
Received Import Request.
  Time since last request: 0.002977 seconds.
  path: Assets/Prefabs/GreenPlanet Variant.prefab
  artifactKey: Guid(dd3329e21c739fc4c981b746fdd521a2) Importer(815301076,1909f56bfc062723c751e8b465ee728b)
Start importing Assets/Prefabs/GreenPlanet Variant.prefab using Guid(dd3329e21c739fc4c981b746fdd521a2) Importer(815301076,1909f56bfc062723c751e8b465ee728b)  -> (artifact id: '16bddeb0ab471deb03c2cb210d794f45') in 0.015928 seconds
  Import took 0.018897 seconds .

========================================================================
Received Import Request.
  Time since last request: 4.353118 seconds.
  path: Assets/Prefabs/RedPlanet Variant.prefab
  artifactKey: Guid(083d75ac1af9a9b4891aa4dad0a1d42f) Importer(815301076,1909f56bfc062723c751e8b465ee728b)
Start importing Assets/Prefabs/RedPlanet Variant.prefab using Guid(083d75ac1af9a9b4891aa4dad0a1d42f) Importer(815301076,1909f56bfc062723c751e8b465ee728b)  -> (artifact id: '0dcec687266192df6b1641ce238dc86d') in 0.019040 seconds
  Import took 0.021867 seconds .

========================================================================
Received Import Request.
  Time since last request: 0.015836 seconds.
  path: Assets/Prefabs/RedPlanet Variant.prefab
  artifactKey: Guid(083d75ac1af9a9b4891aa4dad0a1d42f) Importer(815301076,1909f56bfc062723c751e8b465ee728b)
Start importing Assets/Prefabs/RedPlanet Variant.prefab using Guid(083d75ac1af9a9b4891aa4dad0a1d42f) Importer(815301076,1909f56bfc062723c751e8b465ee728b)  -> (artifact id: '0dcec687266192df6b1641ce238dc86d') in 0.014827 seconds
  Import took 0.017188 seconds .

========================================================================
Received Import Request.
  Time since last request: 3.845229 seconds.
  path: Assets/Prefabs/GreyPlanet Variant.prefab
  artifactKey: Guid(050b20c6e95161e4ea5964fbf408cb47) Importer(815301076,1909f56bfc062723c751e8b465ee728b)
Start importing Assets/Prefabs/GreyPlanet Variant.prefab using Guid(050b20c6e95161e4ea5964fbf408cb47) Importer(815301076,1909f56bfc062723c751e8b465ee728b)  -> (artifact id: '30ce8344ba81a42e20eb3b9441cccb31') in 0.017347 seconds
  Import took 0.019654 seconds .

========================================================================
Received Import Request.
  Time since last request: 0.020306 seconds.
  path: Assets/Prefabs/GreyPlanet Variant.prefab
  artifactKey: Guid(050b20c6e95161e4ea5964fbf408cb47) Importer(815301076,1909f56bfc062723c751e8b465ee728b)
Start importing Assets/Prefabs/GreyPlanet Variant.prefab using Guid(050b20c6e95161e4ea5964fbf408cb47) Importer(815301076,1909f56bfc062723c751e8b465ee728b)  -> (artifact id: '30ce8344ba81a42e20eb3b9441cccb31') in 0.014530 seconds
  Import took 0.016875 seconds .

========================================================================
Received Import Request.
  Time since last request: 2.475179 seconds.
  path: Assets/Prefabs/GreyPlanet.prefab
  artifactKey: Guid(050b20c6e95161e4ea5964fbf408cb47) Importer(815301076,1909f56bfc062723c751e8b465ee728b)
Start importing Assets/Prefabs/GreyPlanet.prefab using Guid(050b20c6e95161e4ea5964fbf408cb47) Importer(815301076,1909f56bfc062723c751e8b465ee728b)  -> (artifact id: '1b32547b48138855610e423e0ed4100a') in 0.018033 seconds
  Import took 0.020286 seconds .

========================================================================
Received Import Request.
  Time since last request: 2.712206 seconds.
  path: Assets/Prefabs/GreenPlanet.prefab
  artifactKey: Guid(dd3329e21c739fc4c981b746fdd521a2) Importer(815301076,1909f56bfc062723c751e8b465ee728b)
Start importing Assets/Prefabs/GreenPlanet.prefab using Guid(dd3329e21c739fc4c981b746fdd521a2) Importer(815301076,1909f56bfc062723c751e8b465ee728b)  -> (artifact id: 'ff0d08706fce23a60ae730d4e0c4ddc2') in 0.018451 seconds
  Import took 0.020678 seconds .

========================================================================
Received Import Request.
  Time since last request: 2.848649 seconds.
  path: Assets/Prefabs/RedPlanet.prefab
  artifactKey: Guid(083d75ac1af9a9b4891aa4dad0a1d42f) Importer(815301076,1909f56bfc062723c751e8b465ee728b)
Start importing Assets/Prefabs/RedPlanet.prefab using Guid(083d75ac1af9a9b4891aa4dad0a1d42f) Importer(815301076,1909f56bfc062723c751e8b465ee728b)  -> (artifact id: '97568e39dc26fd9b7ae9ac52969d3968') in 0.017923 seconds
  Import took 0.020266 seconds .

========================================================================
Received Import Request.
  Time since last request: 105.668914 seconds.
  path: Assets/3rdParty/Corvostudio/AtmosphereAndClouds/Models/sphere_ld_insideOut.fbx
  artifactKey: Guid(e12b0f7d8e60c3f4fa32626586de7965) Importer(815301076,1909f56bfc062723c751e8b465ee728b)
Start importing Assets/3rdParty/Corvostudio/AtmosphereAndClouds/Models/sphere_ld_insideOut.fbx using Guid(e12b0f7d8e60c3f4fa32626586de7965) Importer(815301076,1909f56bfc062723c751e8b465ee728b)  -> (artifact id: 'e64b2a8d6087da57fd20b4c5640cd62d') in 0.078372 seconds
  Import took 0.080603 seconds .

========================================================================
Received Import Request.
  Time since last request: 0.002509 seconds.
  path: Assets/3rdParty/Corvostudio/AtmosphereAndClouds/Materials/SampleAtmosphere.mat
  artifactKey: Guid(3cd79a0266fe6b94b8bb982f00cbbf49) Importer(815301076,1909f56bfc062723c751e8b465ee728b)
Start importing Assets/3rdParty/Corvostudio/AtmosphereAndClouds/Materials/SampleAtmosphere.mat using Guid(3cd79a0266fe6b94b8bb982f00cbbf49) Importer(815301076,1909f56bfc062723c751e8b465ee728b)  -> (artifact id: '6ad00ebbb00cac9641017b8ece1ea320') in 0.016401 seconds
  Import took 0.018313 seconds .

========================================================================
Received Import Request.
  Time since last request: 0.011324 seconds.
  path: Assets/3rdParty/Corvostudio/AtmosphereAndClouds/Models/Materials/No Name.mat
  artifactKey: Guid(15e5c5643a722ff4d8edce66b91f75f2) Importer(815301076,1909f56bfc062723c751e8b465ee728b)
Start importing Assets/3rdParty/Corvostudio/AtmosphereAndClouds/Models/Materials/No Name.mat using Guid(15e5c5643a722ff4d8edce66b91f75f2) Importer(815301076,1909f56bfc062723c751e8b465ee728b)  -> (artifact id: '0eb9fd5f0efbb3af5b3631c2a8611b4f') in 0.008579 seconds
  Import took 0.010821 seconds .

========================================================================
Received Import Request.
  Time since last request: 0.009699 seconds.
  path: Assets/3rdParty/Corvostudio/AtmosphereAndClouds/Script/CloudMover.cs
  artifactKey: Guid(0c2b3f4f3ea49244da642336a574b1af) Importer(815301076,1909f56bfc062723c751e8b465ee728b)
Start importing Assets/3rdParty/Corvostudio/AtmosphereAndClouds/Script/CloudMover.cs using Guid(0c2b3f4f3ea49244da642336a574b1af) Importer(815301076,1909f56bfc062723c751e8b465ee728b)  -> (artifact id: '76e611fed1df6976aba2679865885719') in 0.003926 seconds
  Import took 0.005763 seconds .

========================================================================
Received Import Request.
  Time since last request: 0.004317 seconds.
  path: Assets/Prefabs/Planet.prefab
  artifactKey: Guid(ec9c17925bdfae1478003795bb45dc15) Importer(815301076,1909f56bfc062723c751e8b465ee728b)
Start importing Assets/Prefabs/Planet.prefab using Guid(ec9c17925bdfae1478003795bb45dc15) Importer(815301076,1909f56bfc062723c751e8b465ee728b)  -> (artifact id: 'd1b1a1b1f8b2b18461fca621ff1bfc8b') in 0.018384 seconds
  Import took 0.020961 seconds .

========================================================================
Received Import Request.
  Time since last request: 0.007324 seconds.
  path: Assets/3rdParty/Corvostudio/AtmosphereAndClouds/Materials/RedAtmosphere.mat
  artifactKey: Guid(5171d2acba6822a47ba6559f640d74d8) Importer(815301076,1909f56bfc062723c751e8b465ee728b)
Start importing Assets/3rdParty/Corvostudio/AtmosphereAndClouds/Materials/RedAtmosphere.mat using Guid(5171d2acba6822a47ba6559f640d74d8) Importer(815301076,1909f56bfc062723c751e8b465ee728b)  -> (artifact id: 'd53294fb4ff3e3e11145802bd5daeaae') in 0.009617 seconds
  Import took 0.011602 seconds .

========================================================================
Received Import Request.
  Time since last request: 3.417360 seconds.
  path: Assets/Prefabs/GreenPlanet.prefab
  artifactKey: Guid(dd3329e21c739fc4c981b746fdd521a2) Importer(815301076,1909f56bfc062723c751e8b465ee728b)
Start importing Assets/Prefabs/GreenPlanet.prefab using Guid(dd3329e21c739fc4c981b746fdd521a2) Importer(815301076,1909f56bfc062723c751e8b465ee728b)  -> (artifact id: '41a07b65bd292d0b7179200057dfa06d') in 0.015820 seconds
  Import took 0.018515 seconds .

========================================================================
Received Import Request.
  Time since last request: 51.157692 seconds.
  path: Assets/Prefabs/Music.prefab
  artifactKey: Guid(be2f23d7e49f891488da29afb77e813b) Importer(815301076,1909f56bfc062723c751e8b465ee728b)
Start importing Assets/Prefabs/Music.prefab using Guid(be2f23d7e49f891488da29afb77e813b) Importer(815301076,1909f56bfc062723c751e8b465ee728b)  -> (artifact id: 'f9a77e1dfb42fed935e431b7f9e5cc67') in 0.006881 seconds
  Import took 0.009066 seconds .

========================================================================
Received Import Request.
  Time since last request: 9.854346 seconds.
  path: Assets/Prefabs/Sounds.prefab
  artifactKey: Guid(5070c9bac5b5eb743807905a1883ad49) Importer(815301076,1909f56bfc062723c751e8b465ee728b)
Start importing Assets/Prefabs/Sounds.prefab using Guid(5070c9bac5b5eb743807905a1883ad49) Importer(815301076,1909f56bfc062723c751e8b465ee728b)  -> (artifact id: '07c8319b1c8b4684f6b4780b15815f8d') in 0.007472 seconds
  Import took 0.009512 seconds .

========================================================================
Received Import Request.
  Time since last request: 15.512791 seconds.
  path: Assets/Prefabs/RedPlanet.prefab
  artifactKey: Guid(083d75ac1af9a9b4891aa4dad0a1d42f) Importer(815301076,1909f56bfc062723c751e8b465ee728b)
Start importing Assets/Prefabs/RedPlanet.prefab using Guid(083d75ac1af9a9b4891aa4dad0a1d42f) Importer(815301076,1909f56bfc062723c751e8b465ee728b)  -> (artifact id: '33921268a90b76e9777b828fd82db13b') in 0.015170 seconds
  Import took 0.018180 seconds .

========================================================================
Received Import Request.
  Time since last request: 0.021799 seconds.
  path: Assets/Prefabs/RedPlanet.prefab
  artifactKey: Guid(083d75ac1af9a9b4891aa4dad0a1d42f) Importer(815301076,1909f56bfc062723c751e8b465ee728b)
Start importing Assets/Prefabs/RedPlanet.prefab using Guid(083d75ac1af9a9b4891aa4dad0a1d42f) Importer(815301076,1909f56bfc062723c751e8b465ee728b)  -> (artifact id: '33921268a90b76e9777b828fd82db13b') in 0.014386 seconds
  Import took 0.016879 seconds .

========================================================================
Received Import Request.
  Time since last request: 67.122878 seconds.
  path: Assets/Sounds/impact_2.wav
  artifactKey: Guid(55c06048b2785794f8733037c7d7cf5d) Importer(815301076,1909f56bfc062723c751e8b465ee728b)
Start importing Assets/Sounds/impact_2.wav using Guid(55c06048b2785794f8733037c7d7cf5d) Importer(815301076,1909f56bfc062723c751e8b465ee728b)  -> (artifact id: 'd9b4c1cbbf627c37392bb87d0ca8d3c2') in 0.028151 seconds
  Import took 0.030636 seconds .

========================================================================
Received Import Request.
  Time since last request: 0.137645 seconds.
  path: Assets/Sounds/impact_4.wav
  artifactKey: Guid(152cb546e73df0b4f909207633c60ab0) Importer(815301076,1909f56bfc062723c751e8b465ee728b)
Start importing Assets/Sounds/impact_4.wav using Guid(152cb546e73df0b4f909207633c60ab0) Importer(815301076,1909f56bfc062723c751e8b465ee728b)  -> (artifact id: '26f09bf4eb84543faffc73e123328bd9') in 0.008375 seconds
  Import took 0.010478 seconds .

========================================================================
Received Import Request.
  Time since last request: 0.044173 seconds.
  path: Assets/Music/GreenPlanet/Reveille_Evermore_PERC.wav
  artifactKey: Guid(4da4462583eddbc45acc785e38d4b437) Importer(815301076,1909f56bfc062723c751e8b465ee728b)
Start importing Assets/Music/GreenPlanet/Reveille_Evermore_PERC.wav using Guid(4da4462583eddbc45acc785e38d4b437) Importer(815301076,1909f56bfc062723c751e8b465ee728b)  -> (artifact id: 'b7c23d58369734afb0e2fbb388e7dca3') in 0.008032 seconds
  Import took 0.010114 seconds .

========================================================================
Received Import Request.
  Time since last request: 0.183033 seconds.
  path: Assets/Music/GreenPlanet/Reveille_Evermore_KEYS.wav
  artifactKey: Guid(9e643576290d4e24f92ddb52ecddb01d) Importer(815301076,1909f56bfc062723c751e8b465ee728b)
Start importing Assets/Music/GreenPlanet/Reveille_Evermore_KEYS.wav using Guid(9e643576290d4e24f92ddb52ecddb01d) Importer(815301076,1909f56bfc062723c751e8b465ee728b)  -> (artifact id: 'da417365af96473e566dba0dcf7679f1') in 0.009858 seconds
  Import took 0.011833 seconds .

========================================================================
Received Import Request.
  Time since last request: 0.432742 seconds.
  path: Assets/Sounds/impact_3.wav
  artifactKey: Guid(bac69091f210f3644b634bedc267814a) Importer(815301076,1909f56bfc062723c751e8b465ee728b)
Start importing Assets/Sounds/impact_3.wav using Guid(bac69091f210f3644b634bedc267814a) Importer(815301076,1909f56bfc062723c751e8b465ee728b)  -> (artifact id: '5408773028bb7f219441a4eb883acae8') in 0.008372 seconds
  Import took 0.010259 seconds .

========================================================================
Received Import Request.
  Time since last request: 0.005995 seconds.
  path: Assets/Scripts/Music.cs
  artifactKey: Guid(7a3d1c8bfda6a5245b9706d8f5c0e4e0) Importer(815301076,1909f56bfc062723c751e8b465ee728b)
Start importing Assets/Scripts/Music.cs using Guid(7a3d1c8bfda6a5245b9706d8f5c0e4e0) Importer(815301076,1909f56bfc062723c751e8b465ee728b)  -> (artifact id: 'a4ef27278fb6b205215133a710c53ad9') in 0.001805 seconds
  Import took 0.003614 seconds .

========================================================================
Received Import Request.
  Time since last request: 0.041507 seconds.
  path: Assets/Music/GreenPlanet/Reveille_Evermore_GTR.wav
  artifactKey: Guid(a90b8edec35b6bb4b9636edef9dcea8f) Importer(815301076,1909f56bfc062723c751e8b465ee728b)
Start importing Assets/Music/GreenPlanet/Reveille_Evermore_GTR.wav using Guid(a90b8edec35b6bb4b9636edef9dcea8f) Importer(815301076,1909f56bfc062723c751e8b465ee728b)  -> (artifact id: '2bd82e65a1aad72899695f0c25598ba6') in 0.008880 seconds
  Import took 0.010999 seconds .

========================================================================
Received Import Request.
  Time since last request: 272.948248 seconds.
  path: Assets/Prefabs/LandingThruster.prefab
  artifactKey: Guid(ca392b47517e6124ba6072a638e7793d) Importer(815301076,1909f56bfc062723c751e8b465ee728b)
Start importing Assets/Prefabs/LandingThruster.prefab using Guid(ca392b47517e6124ba6072a638e7793d) Importer(815301076,1909f56bfc062723c751e8b465ee728b)  -> (artifact id: '41c5b4947d2b4e593435eaa7b2329ca2') in 0.009653 seconds
  Import took 0.012879 seconds .

========================================================================
Received Prepare
Registering precompiled user dll's ...
Registered in 0.002844 seconds.
Begin MonoManager ReloadAssembly
Native extension for WindowsStandalone target not found
Native extension for WebGL target not found
Refreshing native plugins compatible for Editor in 0.35 ms, found 3 plugins.
Preloading 1 native plugins for Editor in 0.07 ms.
Invoked RoslynAnalysisRunner static constructor.
RoslynAnalysisRunner will not be running.
RoslynAnalysisRunner has terminated.
NullReferenceException: Object reference not set to an instance of an object
  at Unity.XR.Oculus.OculusLoader.AssetPathToAbsolutePath (System.String assetPath) [0x0004c] in D:\Projects\JUL-FinalProject - Session 3\Library\PackageCache\com.unity.xr.oculus@1.8.1\Runtime\OculusLoader.cs:243 
  at Unity.XR.Oculus.OculusLoader.EditorLoadOVRPlugin () [0x000b0] in D:\Projects\JUL-FinalProject - Session 3\Library\PackageCache\com.unity.xr.oculus@1.8.1\Runtime\OculusLoader.cs:228 

(Filename: Library/PackageCache/com.unity.xr.oculus@1.8.1/Runtime/OculusLoader.cs Line: 243)

Mono: successfully reloaded assembly
- Completed reload, in  0.984 seconds
Platform modules already initialized, skipping
Switching build target platform(5) subTarget(0) extendedPlatform(0) -> platform(13) subTarget(524288) extendedPlatform(0)
Refreshing native plugins compatible for Editor in 0.31 ms, found 3 plugins.
Preloading 1 native plugins for Editor in 0.05 ms.
Unloading 1241 Unused Serialized files (Serialized files now loaded: 0)
System memory in use before: 70.5 MB.
System memory in use after: 70.6 MB.

Unloading 8 unused Assets to reduce memory usage. Loaded Objects now: 1782.
Total: 1.712600 ms (FindLiveObjects: 0.129900 ms CreateObjectMapping: 0.033900 ms MarkObjects: 1.486700 ms  DeleteObjects: 0.060900 ms)

AssetImportParameters requested are different than current active one (requested -> active):
  custom:graphics/normal-map-encoding: 01000000000000000000000000000000 -> 02000000000000000000000000000000
========================================================================
Received Prepare
Registering precompiled user dll's ...
Registered in 0.003478 seconds.
Begin MonoManager ReloadAssembly
Native extension for WindowsStandalone target not found
Native extension for WebGL target not found
Refreshing native plugins compatible for Editor in 0.52 ms, found 3 plugins.
Preloading 1 native plugins for Editor in 0.13 ms.
Invoked RoslynAnalysisRunner static constructor.
RoslynAnalysisRunner will not be running.
RoslynAnalysisRunner has terminated.
NullReferenceException: Object reference not set to an instance of an object
  at Unity.XR.Oculus.OculusLoader.AssetPathToAbsolutePath (System.String assetPath) [0x0004c] in D:\Projects\JUL-FinalProject - Session 3\Library\PackageCache\com.unity.xr.oculus@1.8.1\Runtime\OculusLoader.cs:243 
  at Unity.XR.Oculus.OculusLoader.EditorLoadOVRPlugin () [0x000b0] in D:\Projects\JUL-FinalProject - Session 3\Library\PackageCache\com.unity.xr.oculus@1.8.1\Runtime\OculusLoader.cs:228 

(Filename: Library/PackageCache/com.unity.xr.oculus@1.8.1/Runtime/OculusLoader.cs Line: 243)

Mono: successfully reloaded assembly
- Completed reload, in  1.264 seconds
Platform modules already initialized, skipping
Switching build target platform(5) subTarget(0) extendedPlatform(0) -> platform(13) subTarget(524288) extendedPlatform(0)
Refreshing native plugins compatible for Editor in 0.40 ms, found 3 plugins.
Preloading 1 native plugins for Editor in 0.06 ms.
Unloading 1241 Unused Serialized files (Serialized files now loaded: 0)
System memory in use before: 70.5 MB.
System memory in use after: 70.6 MB.

Unloading 8 unused Assets to reduce memory usage. Loaded Objects now: 1786.
Total: 2.279300 ms (FindLiveObjects: 0.186800 ms CreateObjectMapping: 0.045400 ms MarkObjects: 1.964700 ms  DeleteObjects: 0.081200 ms)

AssetImportParameters requested are different than current active one (requested -> active):
  custom:graphics/normal-map-encoding: 01000000000000000000000000000000 -> 02000000000000000000000000000000
========================================================================
Received Prepare
Registering precompiled user dll's ...
Registered in 0.003377 seconds.
Begin MonoManager ReloadAssembly
Native extension for WindowsStandalone target not found
Native extension for WebGL target not found
Refreshing native plugins compatible for Editor in 0.35 ms, found 3 plugins.
Preloading 1 native plugins for Editor in 0.07 ms.
Invoked RoslynAnalysisRunner static constructor.
RoslynAnalysisRunner will not be running.
RoslynAnalysisRunner has terminated.
NullReferenceException: Object reference not set to an instance of an object
  at Unity.XR.Oculus.OculusLoader.AssetPathToAbsolutePath (System.String assetPath) [0x0004c] in D:\Projects\JUL-FinalProject - Session 3\Library\PackageCache\com.unity.xr.oculus@1.8.1\Runtime\OculusLoader.cs:243 
  at Unity.XR.Oculus.OculusLoader.EditorLoadOVRPlugin () [0x000b0] in D:\Projects\JUL-FinalProject - Session 3\Library\PackageCache\com.unity.xr.oculus@1.8.1\Runtime\OculusLoader.cs:228 

(Filename: Library/PackageCache/com.unity.xr.oculus@1.8.1/Runtime/OculusLoader.cs Line: 243)

Mono: successfully reloaded assembly
- Completed reload, in  1.199 seconds
Platform modules already initialized, skipping
Switching build target platform(5) subTarget(0) extendedPlatform(0) -> platform(13) subTarget(524288) extendedPlatform(0)
Refreshing native plugins compatible for Editor in 0.39 ms, found 3 plugins.
Preloading 1 native plugins for Editor in 0.06 ms.
Unloading 1241 Unused Serialized files (Serialized files now loaded: 0)
System memory in use before: 70.6 MB.
System memory in use after: 70.6 MB.

Unloading 8 unused Assets to reduce memory usage. Loaded Objects now: 1790.
Total: 2.016300 ms (FindLiveObjects: 0.139800 ms CreateObjectMapping: 0.036900 ms MarkObjects: 1.758900 ms  DeleteObjects: 0.079700 ms)

AssetImportParameters requested are different than current active one (requested -> active):
  custom:graphics/normal-map-encoding: 01000000000000000000000000000000 -> 02000000000000000000000000000000
========================================================================
Received Prepare
Registering precompiled user dll's ...
Registered in 0.003433 seconds.
Begin MonoManager ReloadAssembly
Native extension for WindowsStandalone target not found
Native extension for WebGL target not found
Refreshing native plugins compatible for Editor in 0.41 ms, found 3 plugins.
Preloading 1 native plugins for Editor in 0.08 ms.
Invoked RoslynAnalysisRunner static constructor.
RoslynAnalysisRunner will not be running.
RoslynAnalysisRunner has terminated.
NullReferenceException: Object reference not set to an instance of an object
  at Unity.XR.Oculus.OculusLoader.AssetPathToAbsolutePath (System.String assetPath) [0x0004c] in D:\Projects\JUL-FinalProject - Session 3\Library\PackageCache\com.unity.xr.oculus@1.8.1\Runtime\OculusLoader.cs:243 
  at Unity.XR.Oculus.OculusLoader.EditorLoadOVRPlugin () [0x000b0] in D:\Projects\JUL-FinalProject - Session 3\Library\PackageCache\com.unity.xr.oculus@1.8.1\Runtime\OculusLoader.cs:228 

(Filename: Library/PackageCache/com.unity.xr.oculus@1.8.1/Runtime/OculusLoader.cs Line: 243)

Mono: successfully reloaded assembly
- Completed reload, in  1.122 seconds
Platform modules already initialized, skipping
Switching build target platform(5) subTarget(0) extendedPlatform(0) -> platform(13) subTarget(524288) extendedPlatform(0)
Refreshing native plugins compatible for Editor in 0.35 ms, found 3 plugins.
Preloading 1 native plugins for Editor in 0.06 ms.
Unloading 1241 Unused Serialized files (Serialized files now loaded: 0)
System memory in use before: 70.6 MB.
System memory in use after: 70.7 MB.

Unloading 8 unused Assets to reduce memory usage. Loaded Objects now: 1794.
Total: 2.005300 ms (FindLiveObjects: 0.169000 ms CreateObjectMapping: 0.032900 ms MarkObjects: 1.723500 ms  DeleteObjects: 0.078100 ms)

AssetImportParameters requested are different than current active one (requested -> active):
  custom:graphics/normal-map-encoding: 01000000000000000000000000000000 -> 02000000000000000000000000000000
========================================================================
Received Prepare
Registering precompiled user dll's ...
Registered in 0.004186 seconds.
Begin MonoManager ReloadAssembly
Native extension for WindowsStandalone target not found
Native extension for WebGL target not found
Refreshing native plugins compatible for Editor in 0.47 ms, found 3 plugins.
Preloading 1 native plugins for Editor in 0.09 ms.
Invoked RoslynAnalysisRunner static constructor.
RoslynAnalysisRunner will not be running.
RoslynAnalysisRunner has terminated.
NullReferenceException: Object reference not set to an instance of an object
  at Unity.XR.Oculus.OculusLoader.AssetPathToAbsolutePath (System.String assetPath) [0x0004c] in D:\Projects\JUL-FinalProject - Session 3\Library\PackageCache\com.unity.xr.oculus@1.8.1\Runtime\OculusLoader.cs:243 
  at Unity.XR.Oculus.OculusLoader.EditorLoadOVRPlugin () [0x000b0] in D:\Projects\JUL-FinalProject - Session 3\Library\PackageCache\com.unity.xr.oculus@1.8.1\Runtime\OculusLoader.cs:228 

(Filename: Library/PackageCache/com.unity.xr.oculus@1.8.1/Runtime/OculusLoader.cs Line: 243)

Mono: successfully reloaded assembly
- Completed reload, in  1.499 seconds
Platform modules already initialized, skipping
Switching build target platform(5) subTarget(0) extendedPlatform(0) -> platform(13) subTarget(524288) extendedPlatform(0)
Refreshing native plugins compatible for Editor in 0.42 ms, found 3 plugins.
Preloading 1 native plugins for Editor in 0.07 ms.
Unloading 1241 Unused Serialized files (Serialized files now loaded: 0)
System memory in use before: 70.6 MB.
System memory in use after: 70.7 MB.

Unloading 8 unused Assets to reduce memory usage. Loaded Objects now: 1798.
Total: 3.555900 ms (FindLiveObjects: 0.334200 ms CreateObjectMapping: 0.075400 ms MarkObjects: 3.027600 ms  DeleteObjects: 0.116600 ms)

AssetImportParameters requested are different than current active one (requested -> active):
  custom:graphics/normal-map-encoding: 01000000000000000000000000000000 -> 02000000000000000000000000000000
========================================================================
Received Prepare
Registering precompiled user dll's ...
Registered in 0.004681 seconds.
Begin MonoManager ReloadAssembly
Native extension for WindowsStandalone target not found
Native extension for WebGL target not found
Refreshing native plugins compatible for Editor in 0.39 ms, found 3 plugins.
Preloading 1 native plugins for Editor in 0.07 ms.
Invoked RoslynAnalysisRunner static constructor.
RoslynAnalysisRunner will not be running.
RoslynAnalysisRunner has terminated.
NullReferenceException: Object reference not set to an instance of an object
  at Unity.XR.Oculus.OculusLoader.AssetPathToAbsolutePath (System.String assetPath) [0x0004c] in D:\Projects\JUL-FinalProject - Session 3\Library\PackageCache\com.unity.xr.oculus@1.8.1\Runtime\OculusLoader.cs:243 
  at Unity.XR.Oculus.OculusLoader.EditorLoadOVRPlugin () [0x000b0] in D:\Projects\JUL-FinalProject - Session 3\Library\PackageCache\com.unity.xr.oculus@1.8.1\Runtime\OculusLoader.cs:228 

(Filename: Library/PackageCache/com.unity.xr.oculus@1.8.1/Runtime/OculusLoader.cs Line: 243)

Mono: successfully reloaded assembly
- Completed reload, in  1.501 seconds
Platform modules already initialized, skipping
Switching build target platform(5) subTarget(0) extendedPlatform(0) -> platform(13) subTarget(524288) extendedPlatform(0)
Refreshing native plugins compatible for Editor in 0.44 ms, found 3 plugins.
Preloading 1 native plugins for Editor in 0.08 ms.
Unloading 1241 Unused Serialized files (Serialized files now loaded: 0)
System memory in use before: 70.6 MB.
System memory in use after: 70.7 MB.

Unloading 8 unused Assets to reduce memory usage. Loaded Objects now: 1802.
Total: 2.934100 ms (FindLiveObjects: 0.505200 ms CreateObjectMapping: 0.094800 ms MarkObjects: 2.238600 ms  DeleteObjects: 0.093100 ms)

AssetImportParameters requested are different than current active one (requested -> active):
  custom:graphics/normal-map-encoding: 01000000000000000000000000000000 -> 02000000000000000000000000000000
